<?xml version="1.0" encoding="UTF-8"?>
<!-- Generated by org.testng.reporters.JUnitReportReporter -->
<testsuite skipped="0" hostname="DESKTOP-4DTUBVT" name="tests.RegistrationTest" tests="3" failures="0" timestamp="22 Mar 2020 20:11:53 GMT" time="58.716" errors="0">
  <testcase name="SandBox" time="0.153" classname="tests.RegistrationTest"/>
  <testcase name="Register_ValidUserValidPass" time="7.661" classname="tests.RegistrationTest"/>
  <testcase name="SetPassword" time="50.902" classname="tests.RegistrationTest"/>
</testsuite> <!-- tests.RegistrationTest -->
