<?xml version="1.0" encoding="UTF-8"?>
<!-- Generated by org.testng.reporters.JUnitReportReporter -->
<testsuite skipped="0" hostname="DESKTOP-4DTUBVT" name="tests.CreateXrayProject_TestScenario5" tests="6" failures="0" timestamp="22 Mar 2020 20:11:53 GMT" time="78.390" errors="0">
  <testcase name="New_Registration" time="45.182" classname="tests.CreateXrayProject_TestScenario5"/>
  <testcase name="login_ValidUserValidPass" time="8.508" classname="tests.CreateXrayProject_TestScenario5"/>
  <testcase name="CreateXrayProject" time="15.987" classname="tests.CreateXrayProject_TestScenario5"/>
  <testcase name="ProjectName" time="2.330" classname="tests.CreateXrayProject_TestScenario5"/>
  <testcase name="UserStory" time="4.992" classname="tests.CreateXrayProject_TestScenario5"/>
  <testcase name="logout" time="1.391" classname="tests.CreateXrayProject_TestScenario5"/>
</testsuite> <!-- tests.CreateXrayProject_TestScenario5 -->
