<?xml version="1.0" encoding="UTF-8"?>
<!-- Generated by org.testng.reporters.JUnitReportReporter -->
<testsuite skipped="0" hostname="DESKTOP-4DTUBVT" name="tests.CreateXrayProject_TestScenario2" tests="5" failures="0" timestamp="22 Mar 2020 20:11:53 GMT" time="46.460" errors="0">
  <testcase name="login_ValidUserValidPass" time="17.580" classname="tests.CreateXrayProject_TestScenario2"/>
  <testcase name="CreateXrayProject" time="15.849" classname="tests.CreateXrayProject_TestScenario2"/>
  <testcase name="ProjectName" time="2.363" classname="tests.CreateXrayProject_TestScenario2"/>
  <testcase name="UserStory" time="9.428" classname="tests.CreateXrayProject_TestScenario2"/>
  <testcase name="logout" time="1.240" classname="tests.CreateXrayProject_TestScenario2"/>
</testsuite> <!-- tests.CreateXrayProject_TestScenario2 -->
