<?xml version="1.0" encoding="UTF-8"?>
<!-- Generated by org.testng.reporters.JUnitReportReporter -->
<testsuite skipped="0" hostname="DESKTOP-4DTUBVT" name="tests.CreateXrayProject_TestScenario3" tests="6" failures="0" timestamp="22 Mar 2020 20:11:53 GMT" time="76.706" errors="0">
  <testcase name="New_Registration" time="44.329" classname="tests.CreateXrayProject_TestScenario3"/>
  <testcase name="login_ValidUserValidPass" time="8.521" classname="tests.CreateXrayProject_TestScenario3"/>
  <testcase name="CreateXrayProject" time="15.985" classname="tests.CreateXrayProject_TestScenario3"/>
  <testcase name="ProjectName" time="0.335" classname="tests.CreateXrayProject_TestScenario3"/>
  <testcase name="UserStory" time="5.933" classname="tests.CreateXrayProject_TestScenario3"/>
  <testcase name="logout" time="1.603" classname="tests.CreateXrayProject_TestScenario3"/>
</testsuite> <!-- tests.CreateXrayProject_TestScenario3 -->
