<?xml version="1.0" encoding="UTF-8"?>
<!-- Generated by org.testng.reporters.JUnitReportReporter -->
<testsuite skipped="0" hostname="DESKTOP-4DTUBVT" name="tests.CreateProject_TestScenario4" tests="5" failures="0" timestamp="22 Mar 2020 20:11:53 GMT" time="45.460" errors="0">
  <testcase name="login_ValidUserValidPass" time="15.244" classname="tests.CreateProject_TestScenario4"/>
  <testcase name="NewProject" time="22.322" classname="tests.CreateProject_TestScenario4"/>
  <testcase name="ProjectName" time="0.274" classname="tests.CreateProject_TestScenario4"/>
  <testcase name="UserStory" time="6.038" classname="tests.CreateProject_TestScenario4"/>
  <testcase name="logout" time="1.582" classname="tests.CreateProject_TestScenario4"/>
</testsuite> <!-- tests.CreateProject_TestScenario4 -->
