<?xml version="1.0" encoding="UTF-8"?>
<!-- Generated by org.testng.reporters.JUnitReportReporter -->
<testsuite skipped="0" hostname="DESKTOP-4DTUBVT" name="tests.CreateProject_TestScenario1" tests="5" failures="0" timestamp="22 Mar 2020 20:11:53 GMT" time="54.384" errors="0">
  <testcase name="login_ValidUserValidPass" time="10.571" classname="tests.CreateProject_TestScenario1"/>
  <testcase name="NewProject" time="27.881" classname="tests.CreateProject_TestScenario1"/>
  <testcase name="ProjectName" time="0.259" classname="tests.CreateProject_TestScenario1"/>
  <testcase name="UserStory" time="14.294" classname="tests.CreateProject_TestScenario1"/>
  <testcase name="logout" time="1.379" classname="tests.CreateProject_TestScenario1"/>
</testsuite> <!-- tests.CreateProject_TestScenario1 -->
